{"numTotalTestSuites":57,"numPassedTestSuites":57,"numFailedTestSuites":0,"numPendingTestSuites":0,"numTotalTests":127,"numPassedTests":105,"numFailedTests":0,"numPendingTests":1,"numTodoTests":0,"snapshot":{"added":0,"failure":false,"filesAdded":0,"filesRemoved":0,"filesRemovedList":[],"filesUnmatched":0,"filesUpdated":0,"matched":0,"total":0,"unchecked":0,"uncheckedKeysByFile":[],"unmatched":0,"updated":0,"didUpdate":false},"startTime":1756413930275,"success":true,"testResults":[{"assertionResults":[{"ancestorTitles":["formatTimeSeconds"],"fullName":"formatTimeSeconds should format 0 seconds as 00:00:00.00","status":"passed","title":"should format 0 seconds as 00:00:00.00","duration":1.5407999999997628,"failureMessages":[],"meta":{}},{"ancestorTitles":["formatTimeSeconds"],"fullName":"formatTimeSeconds should format seconds less than 1 minute correctly","status":"passed","title":"should format seconds less than 1 minute correctly","duration":0.17050000000017462,"failureMessages":[],"meta":{}},{"ancestorTitles":["formatTimeSeconds"],"fullName":"formatTimeSeconds should format seconds equal to 1 minute correctly","status":"passed","title":"should format seconds equal to 1 minute correctly","duration":0.1313000000000102,"failureMessages":[],"meta":{}},{"ancestorTitles":["formatTimeSeconds"],"fullName":"formatTimeSeconds should format seconds equal to 1 hour correctly","status":"passed","title":"should format seconds equal to 1 hour correctly","duration":0.21010000000023865,"failureMessages":[],"meta":{}},{"ancestorTitles":["formatTimeSeconds"],"fullName":"formatTimeSeconds should format 1 hour, 1 minute, and 1 second correctly","status":"passed","title":"should format 1 hour, 1 minute, and 1 second correctly","duration":0.21849999999994907,"failureMessages":[],"meta":{}},{"ancestorTitles":["formatTimeSeconds"],"fullName":"formatTimeSeconds should format more than 1 hour with fractional seconds correctly","status":"passed","title":"should format more than 1 hour with fractional seconds correctly","duration":0.13590000000021973,"failureMessages":[],"meta":{}},{"ancestorTitles":["formatTimeSeconds"],"fullName":"formatTimeSeconds should handle large numbers of seconds","status":"passed","title":"should handle large numbers of seconds","duration":0.1091999999998734,"failureMessages":[],"meta":{}},{"ancestorTitles":["formatTimeSecondsMin"],"fullName":"formatTimeSecondsMin should format 0 seconds as 00:00","status":"passed","title":"should format 0 seconds as 00:00","duration":0.16490000000067084,"failureMessages":[],"meta":{}},{"ancestorTitles":["formatTimeSecondsMin"],"fullName":"formatTimeSecondsMin should format seconds less than 1 minute correctly","status":"passed","title":"should format seconds less than 1 minute correctly","duration":0.22379999999975553,"failureMessages":[],"meta":{}},{"ancestorTitles":["formatTimeSecondsMin"],"fullName":"formatTimeSecondsMin should format seconds equal to 1 minute correctly","status":"passed","title":"should format seconds equal to 1 minute correctly","duration":0.22009999999954744,"failureMessages":[],"meta":{}},{"ancestorTitles":["formatTimeSecondsMin"],"fullName":"formatTimeSecondsMin should format seconds equal to 1 hour correctly","status":"passed","title":"should format seconds equal to 1 hour correctly","duration":0.12880000000041036,"failureMessages":[],"meta":{}},{"ancestorTitles":["formatTimeOfDay"],"fullName":"formatTimeOfDay should format a date at midnight as 12:00:00 AM","status":"passed","title":"should format a date at midnight as 12:00:00 AM","duration":27.510800000000017,"failureMessages":[],"meta":{}},{"ancestorTitles":["formatTimeOfDay"],"fullName":"formatTimeOfDay should format a date at noon as 12:00:00 PM","status":"passed","title":"should format a date at noon as 12:00:00 PM","duration":0.45230000000083237,"failureMessages":[],"meta":{}},{"ancestorTitles":["formatTimeOfDay"],"fullName":"formatTimeOfDay should format a date in the morning as 09:15:30 AM","status":"passed","title":"should format a date in the morning as 09:15:30 AM","duration":0.5567000000000917,"failureMessages":[],"meta":{}},{"ancestorTitles":["formatTimeOfDay"],"fullName":"formatTimeOfDay should format a date in the evening as 07:45:55 PM","status":"passed","title":"should format a date in the evening as 07:45:55 PM","duration":0.37820000000010623,"failureMessages":[],"meta":{}},{"ancestorTitles":["formatTimeOfDay"],"fullName":"formatTimeOfDay should format a date with seconds correctly","status":"passed","title":"should format a date with seconds correctly","duration":0.31890000000021246,"failureMessages":[],"meta":{}}],"startTime":1756413940447,"endTime":1756413940480.3188,"status":"passed","message":"","name":"D:/Repos/datatracker-pwa/src/lib/__tests__/time.test.ts"},{"assertionResults":[{"ancestorTitles":["exportHumanReadableToCSV"],"fullName":"exportHumanReadableToCSV should generate a CSV string with the correct header and data rows","status":"passed","title":"should generate a CSV string with the correct header and data rows","duration":28.716699999999946,"failureMessages":[],"meta":{}},{"ancestorTitles":["exportHumanReadableToCSV"],"fullName":"exportHumanReadableToCSV should handle empty results array and return just the header","status":"passed","title":"should handle empty results array and return just the header","duration":0.20890000000053988,"failureMessages":[],"meta":{}},{"ancestorTitles":["exportHumanReadableToCSV"],"fullName":"exportHumanReadableToCSV should correctly handle multiple rows in the results","status":"passed","title":"should correctly handle multiple rows in the results","duration":0.2309000000004744,"failureMessages":[],"meta":{}},{"ancestorTitles":["exportHumanReadableToCSV"],"fullName":"exportHumanReadableToCSV should correctly escape commas in data fields","status":"passed","title":"should correctly escape commas in data fields","duration":0.26310000000012224,"failureMessages":[],"meta":{}},{"ancestorTitles":["exportHumanReadableToCSV"],"fullName":"exportHumanReadableToCSV should handle cases where the keys array is empty","status":"passed","title":"should handle cases where the keys array is empty","duration":0.31520000000000437,"failureMessages":[],"meta":{}}],"startTime":1756413940441,"endTime":1756413940470.3152,"status":"passed","message":"","name":"D:/Repos/datatracker-pwa/src/lib/__tests__/download.test.ts"},{"assertionResults":[{"ancestorTitles":["File System Folder Functions","getGroupFolders"],"fullName":"File System Folder Functions getGroupFolders should fetch group folders and update state","status":"passed","title":"should fetch group folders and update state","duration":5.372400000000198,"failureMessages":[],"meta":{}},{"ancestorTitles":["File System Folder Functions","getGroupFolders"],"fullName":"File System Folder Functions getGroupFolders should handle errors and set error state","status":"passed","title":"should handle errors and set error state","duration":1.8319000000001324,"failureMessages":[],"meta":{}},{"ancestorTitles":["File System Folder Functions","getIndividualClientFolders"],"fullName":"File System Folder Functions getIndividualClientFolders should fetch individual client folders and update state","status":"passed","title":"should fetch individual client folders and update state","duration":1.4453999999996086,"failureMessages":[],"meta":{}},{"ancestorTitles":["File System Folder Functions","getIndividualClientFolders"],"fullName":"File System Folder Functions getIndividualClientFolders should handle errors and set error state","status":"passed","title":"should handle errors and set error state","duration":0.9301999999997861,"failureMessages":[],"meta":{}},{"ancestorTitles":["File System Folder Functions","getClientEvaluationFolders"],"fullName":"File System Folder Functions getClientEvaluationFolders should fetch evaluation folders and update state","status":"passed","title":"should fetch evaluation folders and update state","duration":1.5259000000005472,"failureMessages":[],"meta":{}},{"ancestorTitles":["File System Folder Functions","getClientEvaluationFolders"],"fullName":"File System Folder Functions getClientEvaluationFolders should handle errors and set error state","status":"passed","title":"should handle errors and set error state","duration":0.8490000000001601,"failureMessages":[],"meta":{}},{"ancestorTitles":["Remove Folder Functions","removeGroupFolder"],"fullName":"Remove Folder Functions removeGroupFolder should remove the group folder if permission is granted","status":"passed","title":"should remove the group folder if permission is granted","duration":1.0432000000000698,"failureMessages":[],"meta":{}},{"ancestorTitles":["Remove Folder Functions","removeGroupFolder"],"fullName":"Remove Folder Functions removeGroupFolder should show error toast if permission is denied","status":"passed","title":"should show error toast if permission is denied","duration":0.7154000000000451,"failureMessages":[],"meta":{}},{"ancestorTitles":["Remove Folder Functions","removeClientFolder"],"fullName":"Remove Folder Functions removeClientFolder should remove the client folder if permission is granted","status":"passed","title":"should remove the client folder if permission is granted","duration":1.013400000000729,"failureMessages":[],"meta":{}},{"ancestorTitles":["Remove Folder Functions","removeClientFolder"],"fullName":"Remove Folder Functions removeClientFolder should show error toast if permission is denied","status":"passed","title":"should show error toast if permission is denied","duration":0.596400000000358,"failureMessages":[],"meta":{}},{"ancestorTitles":["Remove Folder Functions","removeClientEvaluationFolder"],"fullName":"Remove Folder Functions removeClientEvaluationFolder should remove the evaluation folder if permission is granted","status":"passed","title":"should remove the evaluation folder if permission is granted","duration":1.1141999999999825,"failureMessages":[],"meta":{}},{"ancestorTitles":["Remove Folder Functions","removeClientEvaluationFolder"],"fullName":"Remove Folder Functions removeClientEvaluationFolder should show error toast if permission is denied","status":"passed","title":"should show error toast if permission is denied","duration":0.5674999999991996,"failureMessages":[],"meta":{}}],"startTime":1756413940462,"endTime":1756413940479.5674,"status":"passed","message":"","name":"D:/Repos/datatracker-pwa/src/lib/__tests__/folders.test.ts"},{"assertionResults":[{"ancestorTitles":["File Save Functions","saveSessionSettingsToFile"],"fullName":"File Save Functions saveSessionSettingsToFile should save updated session settings to a file","status":"passed","title":"should save updated session settings to a file","duration":4.755500000000211,"failureMessages":[],"meta":{}},{"ancestorTitles":["File Save Functions","saveSessionSettingsToFile"],"fullName":"File Save Functions saveSessionSettingsToFile should throw an error if no directory is found","status":"passed","title":"should throw an error if no directory is found","duration":1.720999999999549,"failureMessages":[],"meta":{}},{"ancestorTitles":["File Save Functions","saveSessionOutcomesToFile"],"fullName":"File Save Functions saveSessionOutcomesToFile should save session outcomes to a file","status":"passed","title":"should save session outcomes to a file","duration":1.2968000000000757,"failureMessages":[],"meta":{}},{"ancestorTitles":["File Save Functions","saveSessionOutcomesToFile"],"fullName":"File Save Functions saveSessionOutcomesToFile should handle errors during file operations","status":"passed","title":"should handle errors during file operations","duration":0.45539999999982683,"failureMessages":[],"meta":{}}],"startTime":1756413940550,"endTime":1756413940558.4553,"status":"passed","message":"","name":"D:/Repos/datatracker-pwa/src/lib/__tests__/writer.test.ts"},{"assertionResults":[{"ancestorTitles":["Reliability Calculations"],"fullName":"Reliability Calculations should generate an empty bin array of the specified length","status":"passed","title":"should generate an empty bin array of the specified length","duration":2.3411999999998443,"failureMessages":[],"meta":{}},{"ancestorTitles":["Reliability Calculations"],"fullName":"Reliability Calculations should calculate Exact Index Agreement (EIA) correctly","status":"passed","title":"should calculate Exact Index Agreement (EIA) correctly","duration":0.3437999999996464,"failureMessages":[],"meta":{}},{"ancestorTitles":["Reliability Calculations"],"fullName":"Reliability Calculations should calculate Proportion Index Agreement (PIA) correctly","status":"passed","title":"should calculate Proportion Index Agreement (PIA) correctly","duration":0.1823999999996886,"failureMessages":[],"meta":{}},{"ancestorTitles":["Reliability Calculations"],"fullName":"Reliability Calculations should calculate Total Interval Agreement (TIA) correctly","status":"passed","title":"should calculate Total Interval Agreement (TIA) correctly","duration":0.24940000000060536,"failureMessages":[],"meta":{}},{"ancestorTitles":["Reliability Calculations"],"fullName":"Reliability Calculations should calculate Observed Interval Agreement (OIA) correctly","status":"passed","title":"should calculate Observed Interval Agreement (OIA) correctly","duration":0.2842000000000553,"failureMessages":[],"meta":{}},{"ancestorTitles":["Reliability Calculations"],"fullName":"Reliability Calculations should calculate Non-Matched Interval Agreement (NIA) correctly","status":"passed","title":"should calculate Non-Matched Interval Agreement (NIA) correctly","duration":0.2025999999996202,"failureMessages":[],"meta":{}},{"ancestorTitles":["Reliability Calculations"],"fullName":"Reliability Calculations should calculate Presence/Absence Agreement by Minute (PMA) correctly","status":"passed","title":"should calculate Presence/Absence Agreement by Minute (PMA) correctly","duration":0.21349999999983993,"failureMessages":[],"meta":{}},{"ancestorTitles":["Reliability Calculations"],"fullName":"Reliability Calculations should add a bin to the key data","status":"passed","title":"should add a bin to the key data","duration":0.2434000000002925,"failureMessages":[],"meta":{}},{"ancestorTitles":["Reliability Calculations"],"fullName":"Reliability Calculations should get corresponding session pairs","status":"passed","title":"should get corresponding session pairs","duration":0.3566000000000713,"failureMessages":[],"meta":{}},{"ancestorTitles":["Reliability Calculations"],"fullName":"Reliability Calculations should calculate reliability for frequency keys","status":"passed","title":"should calculate reliability for frequency keys","duration":0.5835999999999331,"failureMessages":[],"meta":{}},{"ancestorTitles":["Reliability Calculations"],"fullName":"Reliability Calculations should calculate reliability for duration keys-o","status":"passed","title":"should calculate reliability for duration keys-o","duration":1.0787000000000262,"failureMessages":[],"meta":{}},{"ancestorTitles":["Reliability Calculations"],"fullName":"Reliability Calculations should calculate reliability for duration keys-e","status":"passed","title":"should calculate reliability for duration keys-e","duration":0.2992999999996755,"failureMessages":[],"meta":{}},{"ancestorTitles":["generateBinsProportion"],"fullName":"generateBinsProportion should calculate correct proportions for even keypresses","status":"passed","title":"should calculate correct proportions for even keypresses","duration":0.6240999999999985,"failureMessages":[],"meta":{}},{"ancestorTitles":["generateBinsProportion"],"fullName":"generateBinsProportion should handle cases with no relevant keypresses","status":"passed","title":"should handle cases with no relevant keypresses","duration":0.5272000000004482,"failureMessages":[],"meta":{}},{"ancestorTitles":["generateBinsProportion"],"fullName":"generateBinsProportion should handle odd number of keypresses correctly","status":"passed","title":"should handle odd number of keypresses correctly","duration":0.21710000000075524,"failureMessages":[],"meta":{}},{"ancestorTitles":["generateBinsProportion"],"fullName":"generateBinsProportion should handle small timer values","status":"passed","title":"should handle small timer values","duration":0.23059999999986758,"failureMessages":[],"meta":{}}],"startTime":1756413940444,"endTime":1756413940452.527,"status":"passed","message":"","name":"D:/Repos/datatracker-pwa/src/lib/__tests__/reli.test.ts"},{"assertionResults":[{"ancestorTitles":["createHref"],"fullName":"createHref should return \"/\" for Home route","status":"passed","title":"should return \"/\" for Home route","duration":1.8573000000005777,"failureMessages":[],"meta":{}},{"ancestorTitles":["createHref"],"fullName":"createHref should return \"/documentation\" for Documentation route","status":"passed","title":"should return \"/documentation\" for Documentation route","duration":0.3113000000003012,"failureMessages":[],"meta":{}},{"ancestorTitles":["createHref"],"fullName":"createHref should return correct URL for Documentation Entry route","status":"passed","title":"should return correct URL for Documentation Entry route","duration":0.24309999999968568,"failureMessages":[],"meta":{}},{"ancestorTitles":["createHref"],"fullName":"createHref should return \"/dashboard\" for Dashboard route","status":"passed","title":"should return \"/dashboard\" for Dashboard route","duration":0.32890000000043074,"failureMessages":[],"meta":{}},{"ancestorTitles":["createHref"],"fullName":"createHref should return \"/settings\" for Settings route","status":"passed","title":"should return \"/settings\" for Settings route","duration":0.34320000000025175,"failureMessages":[],"meta":{}},{"ancestorTitles":["createHref"],"fullName":"createHref should return correct URL for Individuals route","status":"passed","title":"should return correct URL for Individuals route","duration":2.3914999999997235,"failureMessages":[],"meta":{}},{"ancestorTitles":["createHref"],"fullName":"createHref should return correct URL for Evaluations route","status":"passed","title":"should return correct URL for Evaluations route","duration":0.5317999999997483,"failureMessages":[],"meta":{}},{"ancestorTitles":["createHref"],"fullName":"createHref should return correct URL for Evaluations Import route","status":"passed","title":"should return correct URL for Evaluations Import route","duration":0.5543999999999869,"failureMessages":[],"meta":{}},{"ancestorTitles":["createHref"],"fullName":"createHref should return correct URL for Session Designer route","status":"passed","title":"should return correct URL for Session Designer route","duration":0.7296999999998661,"failureMessages":[],"meta":{}},{"ancestorTitles":["createHref"],"fullName":"createHref should return correct URL for Evaluation Viewer route","status":"passed","title":"should return correct URL for Evaluation Viewer route","duration":0.34910000000036234,"failureMessages":[],"meta":{}},{"ancestorTitles":["createHref"],"fullName":"createHref should return correct URL for Evaluation Session Viewer route","status":"passed","title":"should return correct URL for Evaluation Session Viewer route","duration":0.19389999999930296,"failureMessages":[],"meta":{}},{"ancestorTitles":["createHref"],"fullName":"createHref should return correct URL for Evaluation Session Analysis route","status":"passed","title":"should return correct URL for Evaluation Session Analysis route","duration":0.17879999999968277,"failureMessages":[],"meta":{}},{"ancestorTitles":["createHref"],"fullName":"createHref should return correct URL for Evaluation Visualizer-Rate route","status":"passed","title":"should return correct URL for Evaluation Visualizer-Rate route","duration":0.27670000000034634,"failureMessages":[],"meta":{}},{"ancestorTitles":["createHref"],"fullName":"createHref should return correct URL for Evaluation Visualizer-Proportion route","status":"passed","title":"should return correct URL for Evaluation Visualizer-Proportion route","duration":0.4426000000003114,"failureMessages":[],"meta":{}},{"ancestorTitles":["createHref"],"fullName":"createHref should return correct URL for Reli Viewer route","status":"passed","title":"should return correct URL for Reli Viewer route","duration":0.2084999999997308,"failureMessages":[],"meta":{}},{"ancestorTitles":["createHref"],"fullName":"createHref should return correct URL for Keysets route","status":"passed","title":"should return correct URL for Keysets route","duration":0.3067000000000917,"failureMessages":[],"meta":{}},{"ancestorTitles":["createHref"],"fullName":"createHref should return correct URL for Keysets route","status":"passed","title":"should return correct URL for Keysets route","duration":0.176499999999578,"failureMessages":[],"meta":{}},{"ancestorTitles":["createHref"],"fullName":"createHref should return \"/\" for unknown route type","status":"passed","title":"should return \"/\" for unknown route type","duration":0.1334999999999127,"failureMessages":[],"meta":{}}],"startTime":1756413940463,"endTime":1756413940473.1765,"status":"passed","message":"","name":"D:/Repos/datatracker-pwa/src/lib/__tests__/links.test.ts"},{"assertionResults":[{"ancestorTitles":["CleanUpString"],"fullName":"CleanUpString should replace '%20' with a space","status":"pending","title":"should replace '%20' with a space","failureMessages":[],"meta":{}},{"ancestorTitles":["CleanUpString"],"fullName":"CleanUpString should replace multiple '%20' with spaces","status":"pending","title":"should replace multiple '%20' with spaces","failureMessages":[],"meta":{}},{"ancestorTitles":["CleanUpString"],"fullName":"CleanUpString should return the same string if there is no '%20'","status":"pending","title":"should return the same string if there is no '%20'","failureMessages":[],"meta":{}},{"ancestorTitles":["CleanUpString"],"fullName":"CleanUpString should handle an empty string","status":"pending","title":"should handle an empty string","failureMessages":[],"meta":{}},{"ancestorTitles":["CleanUpString"],"fullName":"CleanUpString should handle a string with only '%20'","status":"pending","title":"should handle a string with only '%20'","failureMessages":[],"meta":{}},{"ancestorTitles":["CleanUpString"],"fullName":"CleanUpString should handle a string with multiple consecutive '%20'","status":"pending","title":"should handle a string with multiple consecutive '%20'","failureMessages":[],"meta":{}}],"startTime":1756413930275,"endTime":1756413930275,"status":"passed","message":"","name":"D:/Repos/datatracker-pwa/src/lib/__tests__/strings.test.ts"},{"assertionResults":[{"ancestorTitles":["File Reading Functions","readSavedSessionResult"],"fullName":"File Reading Functions readSavedSessionResult should return a parsed session result if the file is valid JSON","status":"passed","title":"should return a parsed session result if the file is valid JSON","duration":3.4114999999999327,"failureMessages":[],"meta":{}},{"ancestorTitles":["File Reading Functions","readSavedSessionResult"],"fullName":"File Reading Functions readSavedSessionResult should return undefined if the file contains invalid JSON","status":"passed","title":"should return undefined if the file contains invalid JSON","duration":0.5263999999999669,"failureMessages":[],"meta":{}},{"ancestorTitles":["File Reading Functions","readSavedSessionResult"],"fullName":"File Reading Functions readSavedSessionResult should return undefined if an error occurs","status":"passed","title":"should return undefined if an error occurs","duration":0.57000000000005,"failureMessages":[],"meta":{}},{"ancestorTitles":["File Reading Functions","readKeyboardParameters"],"fullName":"File Reading Functions readKeyboardParameters should return deserialized keyset if the file contains valid JSON","status":"passed","title":"should return deserialized keyset if the file contains valid JSON","duration":0.41390000000001237,"failureMessages":[],"meta":{}},{"ancestorTitles":["File Reading Functions","readKeyboardParameters"],"fullName":"File Reading Functions readKeyboardParameters should return undefined if the file content is empty","status":"passed","title":"should return undefined if the file content is empty","duration":0.2925999999999931,"failureMessages":[],"meta":{}},{"ancestorTitles":["File Reading Functions","readKeyboardParameters"],"fullName":"File Reading Functions readKeyboardParameters should return undefined if handle is not a file or does not end with .json","status":"passed","title":"should return undefined if handle is not a file or does not end with .json","duration":0.22830000000010386,"failureMessages":[],"meta":{}},{"ancestorTitles":["File Reading Functions","readSessionParameters"],"fullName":"File Reading Functions readSessionParameters should return deserialized keyset if the file contains valid JSON","status":"passed","title":"should return deserialized keyset if the file contains valid JSON","duration":0.3227000000000544,"failureMessages":[],"meta":{}},{"ancestorTitles":["File Reading Functions","readSessionParameters"],"fullName":"File Reading Functions readSessionParameters should return undefined if the file content is empty","status":"passed","title":"should return undefined if the file content is empty","duration":0.1853999999999587,"failureMessages":[],"meta":{}},{"ancestorTitles":["File Reading Functions","readSessionParameters"],"fullName":"File Reading Functions readSessionParameters should return undefined if handle is not a file or does not end with .json","status":"passed","title":"should return undefined if handle is not a file or does not end with .json","duration":0.2095000000000482,"failureMessages":[],"meta":{}}],"startTime":1756413941530,"endTime":1756413941537.2095,"status":"passed","message":"","name":"D:/Repos/datatracker-pwa/src/lib/__tests__/reader.test.ts"},{"assertionResults":[{"ancestorTitles":["generateKeywordColors"],"fullName":"generateKeywordColors should return an empty array if the input array is empty","status":"pending","title":"should return an empty array if the input array is empty","failureMessages":[],"meta":{}},{"ancestorTitles":["generateKeywordColors"],"fullName":"generateKeywordColors should correctly assign colors to unique keywords","status":"pending","title":"should correctly assign colors to unique keywords","failureMessages":[],"meta":{}},{"ancestorTitles":["generateKeywordColors"],"fullName":"generateKeywordColors should ignore duplicate keywords and trim spaces","status":"pending","title":"should ignore duplicate keywords and trim spaces","failureMessages":[],"meta":{}},{"ancestorTitles":["generateKeywordColors"],"fullName":"generateKeywordColors should handle cases where keywords are empty strings or contain only whitespace","status":"pending","title":"should handle cases where keywords are empty strings or contain only whitespace","failureMessages":[],"meta":{}},{"ancestorTitles":["generateKeywordColors"],"fullName":"generateKeywordColors should loop around COLOR_LIST if there are more unique keywords than colors","status":"pending","title":"should loop around COLOR_LIST if there are more unique keywords than colors","failureMessages":[],"meta":{}}],"startTime":1756413930275,"endTime":1756413930275,"status":"passed","message":"","name":"D:/Repos/datatracker-pwa/src/lib/__tests__/colors.test.ts"},{"assertionResults":[{"ancestorTitles":["displayConditionalNotification"],"fullName":"displayConditionalNotification should display an error notification when isError is true","status":"passed","title":"should display an error notification when isError is true","duration":4.9353000000000975,"failureMessages":[],"meta":{}},{"ancestorTitles":["displayConditionalNotification"],"fullName":"displayConditionalNotification should display a success notification when isError is false and NotificationSettings is \"ShowAll\"","status":"passed","title":"should display a success notification when isError is false and NotificationSettings is \"ShowAll\"","duration":0.8699000000000296,"failureMessages":[],"meta":{}},{"ancestorTitles":["displayConditionalNotification"],"fullName":"displayConditionalNotification should not display a notification when NotificationSettings is \"ShowNone\"","status":"passed","title":"should not display a notification when NotificationSettings is \"ShowNone\"","duration":0.469600000000014,"failureMessages":[],"meta":{}},{"ancestorTitles":["displayConditionalNotification"],"fullName":"displayConditionalNotification should not display a notification when NotificationSettings is \"ShowErrorsOnly\" and isError is false","status":"passed","title":"should not display a notification when NotificationSettings is \"ShowErrorsOnly\" and isError is false","duration":0.3283999999999878,"failureMessages":[],"meta":{}},{"ancestorTitles":["displayConditionalNotification"],"fullName":"displayConditionalNotification should display an error notification when NotificationSettings is \"ShowErrorsOnly\" and isError is true","status":"passed","title":"should display an error notification when NotificationSettings is \"ShowErrorsOnly\" and isError is true","duration":0.5343000000000302,"failureMessages":[],"meta":{}},{"ancestorTitles":["displayConditionalNotification"],"fullName":"displayConditionalNotification should display a success notification with default duration when duration is not provided","status":"passed","title":"should display a success notification with default duration when duration is not provided","duration":0.4420999999999822,"failureMessages":[],"meta":{}}],"startTime":1756413941510,"endTime":1756413941518.4421,"status":"passed","message":"","name":"D:/Repos/datatracker-pwa/src/lib/__tests__/notifications.test.ts"},{"assertionResults":[{"ancestorTitles":["getShape"],"fullName":"getShape should return 'circle' for index 0","status":"passed","title":"should return 'circle' for index 0","duration":2.560799999999972,"failureMessages":[],"meta":{}},{"ancestorTitles":["getShape"],"fullName":"getShape should return 'cross' for index 1","status":"passed","title":"should return 'cross' for index 1","duration":0.3126999999999498,"failureMessages":[],"meta":{}},{"ancestorTitles":["getShape"],"fullName":"getShape should return 'diamond' for index 2","status":"passed","title":"should return 'diamond' for index 2","duration":0.2539000000000442,"failureMessages":[],"meta":{}},{"ancestorTitles":["getShape"],"fullName":"getShape should return 'square' for index 3","status":"passed","title":"should return 'square' for index 3","duration":0.26279999999997017,"failureMessages":[],"meta":{}},{"ancestorTitles":["getShape"],"fullName":"getShape should return 'star' for index 4","status":"passed","title":"should return 'star' for index 4","duration":0.21339999999997872,"failureMessages":[],"meta":{}},{"ancestorTitles":["getShape"],"fullName":"getShape should return 'triangle' for index 5","status":"passed","title":"should return 'triangle' for index 5","duration":0.13390000000003965,"failureMessages":[],"meta":{}},{"ancestorTitles":["getShape"],"fullName":"getShape should return 'wye' for index 6","status":"passed","title":"should return 'wye' for index 6","duration":0.10069999999996071,"failureMessages":[],"meta":{}},{"ancestorTitles":["getShape"],"fullName":"getShape should return 'circle' for index 7","status":"passed","title":"should return 'circle' for index 7","duration":0.09770000000003165,"failureMessages":[],"meta":{}},{"ancestorTitles":["getShape"],"fullName":"getShape should return 'cross' for index 8","status":"passed","title":"should return 'cross' for index 8","duration":0.2013000000000602,"failureMessages":[],"meta":{}},{"ancestorTitles":["getShape"],"fullName":"getShape should return 'diamond' for index 9","status":"passed","title":"should return 'diamond' for index 9","duration":0.1918999999999187,"failureMessages":[],"meta":{}}],"startTime":1756413941592,"endTime":1756413941597.2014,"status":"passed","message":"","name":"D:/Repos/datatracker-pwa/src/lib/__tests__/shapes.test.ts"},{"assertionResults":[{"ancestorTitles":["toSavedSettings"],"fullName":"toSavedSettings should correctly convert a session designer schema to saved settings","status":"pending","title":"should correctly convert a session designer schema to saved settings","failureMessages":[],"meta":{}},{"ancestorTitles":["toSavedSettings"],"fullName":"toSavedSettings should handle empty or default values in the session designer schema","status":"pending","title":"should handle empty or default values in the session designer schema","failureMessages":[],"meta":{}},{"ancestorTitles":["toSavedSettings"],"fullName":"toSavedSettings should return the default session settings for incomplete input","status":"pending","title":"should return the default session settings for incomplete input","failureMessages":[],"meta":{}},{"ancestorTitles":["toSavedSettings"],"fullName":"toSavedSettings should correctly handle a different DataCollectorRole","status":"pending","title":"should correctly handle a different DataCollectorRole","failureMessages":[],"meta":{}}],"startTime":1756413930275,"endTime":1756413930275,"status":"passed","message":"","name":"D:/Repos/datatracker-pwa/src/lib/__tests__/dtos.test.ts"},{"assertionResults":[{"ancestorTitles":["KeySet Functions","createNewKeySet"],"fullName":"KeySet Functions createNewKeySet should create a new KeySet with the given name and generate a unique id","status":"passed","title":"should create a new KeySet with the given name and generate a unique id","duration":2.8646999999999707,"failureMessages":[],"meta":{}},{"ancestorTitles":["KeySet Functions","serializeKeySet"],"fullName":"KeySet Functions serializeKeySet should correctly serialize a KeySet","status":"passed","title":"should correctly serialize a KeySet","duration":0.5612999999999602,"failureMessages":[],"meta":{}},{"ancestorTitles":["KeySet Functions","deserializeKeySet"],"fullName":"KeySet Functions deserializeKeySet should correctly deserialize a KeySet from JSON","status":"passed","title":"should correctly deserialize a KeySet from JSON","duration":0.43250000000000455,"failureMessages":[],"meta":{}}],"startTime":1756413941529,"endTime":1756413941533.4326,"status":"passed","message":"","name":"D:/Repos/datatracker-pwa/src/lib/__tests__/keyset.test.ts"},{"assertionResults":[{"ancestorTitles":["getClientKeyboards"],"fullName":"getClientKeyboards should set the keysets if the folder is found","status":"passed","title":"should set the keysets if the folder is found","duration":3.1908999999999423,"failureMessages":[],"meta":{}},{"ancestorTitles":["getClientKeyboards"],"fullName":"getClientKeyboards should fail if error is thrown ","status":"passed","title":"should fail if error is thrown ","duration":0.7070999999999685,"failureMessages":[],"meta":{}}],"startTime":1756413941532,"endTime":1756413941535.707,"status":"passed","message":"","name":"D:/Repos/datatracker-pwa/src/lib/__tests__/keyboards.test.ts"},{"assertionResults":[{"ancestorTitles":["is_key_already_assigned"],"fullName":"is_key_already_assigned should return true if the key code is found in FrequencyKeys","status":"pending","title":"should return true if the key code is found in FrequencyKeys","failureMessages":[],"meta":{}},{"ancestorTitles":["is_key_already_assigned"],"fullName":"is_key_already_assigned should return true if the key code is found in DurationKeys","status":"pending","title":"should return true if the key code is found in DurationKeys","failureMessages":[],"meta":{}},{"ancestorTitles":["is_key_already_assigned"],"fullName":"is_key_already_assigned should return false if the key code is not found in any key set","status":"pending","title":"should return false if the key code is not found in any key set","failureMessages":[],"meta":{}},{"ancestorTitles":["is_key_already_assigned"],"fullName":"is_key_already_assigned should return false if the KeySet is empty","status":"pending","title":"should return false if the KeySet is empty","failureMessages":[],"meta":{}}],"startTime":1756413930275,"endTime":1756413930275,"status":"passed","message":"","name":"D:/Repos/datatracker-pwa/src/lib/__tests__/keys.test.ts"},{"assertionResults":[{"ancestorTitles":["LocalStorage Prefs","getLocalCachedPrefs"],"fullName":"LocalStorage Prefs getLocalCachedPrefs should return the cached object from localStorage if it exists","status":"passed","title":"should return the cached object from localStorage if it exists","duration":2.424600000000055,"failureMessages":[],"meta":{}},{"ancestorTitles":["LocalStorage Prefs","getLocalCachedPrefs"],"fullName":"LocalStorage Prefs getLocalCachedPrefs should return the default object if localStorage does not contain the key","status":"passed","title":"should return the default object if localStorage does not contain the key","duration":0.32789999999999964,"failureMessages":[],"meta":{}},{"ancestorTitles":["LocalStorage Prefs","getLocalCachedPrefs"],"fullName":"LocalStorage Prefs getLocalCachedPrefs should handle malformed data in localStorage by returning the default object","status":"skipped","title":"should handle malformed data in localStorage by returning the default object","failureMessages":[],"meta":{}},{"ancestorTitles":["LocalStorage Prefs","setLocalCachedPrefs"],"fullName":"LocalStorage Prefs setLocalCachedPrefs should set the cached object in localStorage","status":"passed","title":"should set the cached object in localStorage","duration":0.3147000000000162,"failureMessages":[],"meta":{}},{"ancestorTitles":["LocalStorage Prefs","setLocalCachedPrefs"],"fullName":"LocalStorage Prefs setLocalCachedPrefs should correctly handle leading/trailing spaces in the group, individual, and evaluation parameters","status":"passed","title":"should correctly handle leading/trailing spaces in the group, individual, and evaluation parameters","duration":0.31129999999996016,"failureMessages":[],"meta":{}}],"startTime":1756413941524,"endTime":1756413941527.3147,"status":"passed","message":"","name":"D:/Repos/datatracker-pwa/src/lib/__tests__/local_storage.test.ts"},{"assertionResults":[{"ancestorTitles":["isOnMobilePlatform"],"fullName":"isOnMobilePlatform Should return user age","status":"pending","title":"Should return user age","failureMessages":[],"meta":{}}],"startTime":1756413930275,"endTime":1756413930275,"status":"passed","message":"","name":"D:/Repos/datatracker-pwa/src/lib/__tests__/user-agent.test.ts"},{"assertionResults":[{"ancestorTitles":["DocumentationObjects"],"fullName":"DocumentationObjects some type of array","status":"pending","title":"some type of array","failureMessages":[],"meta":{}}],"startTime":1756413930275,"endTime":1756413930275,"status":"passed","message":"","name":"D:/Repos/datatracker-pwa/src/lib/__tests__/docs.test.ts"},{"assertionResults":[],"startTime":1756413930275,"endTime":1756413930275,"status":"passed","message":"","name":"D:/Repos/datatracker-pwa/src/lib/__tests__/data.test.ts"}]}