{"total": {"lines":{"total":3371,"covered":2744,"skipped":0,"pct":81.4},"statements":{"total":3684,"covered":2983,"skipped":0,"pct":80.97},"functions":{"total":1015,"covered":749,"skipped":0,"pct":73.79},"branches":{"total":1625,"covered":1267,"skipped":0,"pct":77.96},"branchesTrue":{"total":0,"covered":0,"skipped":0,"pct":100}}
,"C:\\Repos\\datatracker-pwa\\src\\components\\elements\\page-wrapper.tsx": {"lines":{"total":4,"covered":4,"skipped":0,"pct":100},"functions":{"total":1,"covered":1,"skipped":0,"pct":100},"statements":{"total":4,"covered":4,"skipped":0,"pct":100},"branches":{"total":8,"covered":8,"skipped":0,"pct":100}}
,"C:\\Repos\\datatracker-pwa\\src\\components\\elements\\behavior\\event-listeners.tsx": {"lines":{"total":12,"covered":12,"skipped":0,"pct":100},"functions":{"total":5,"covered":5,"skipped":0,"pct":100},"statements":{"total":13,"covered":13,"skipped":0,"pct":100},"branches":{"total":7,"covered":6,"skipped":0,"pct":85.71}}
,"C:\\Repos\\datatracker-pwa\\src\\components\\elements\\behavior\\scroll-reset.tsx": {"lines":{"total":4,"covered":4,"skipped":0,"pct":100},"functions":{"total":2,"covered":2,"skipped":0,"pct":100},"statements":{"total":4,"covered":4,"skipped":0,"pct":100},"branches":{"total":0,"covered":0,"skipped":0,"pct":100}}
,"C:\\Repos\\datatracker-pwa\\src\\components\\elements\\footer\\footer.tsx": {"lines":{"total":2,"covered":2,"skipped":0,"pct":100},"functions":{"total":1,"covered":1,"skipped":0,"pct":100},"statements":{"total":2,"covered":2,"skipped":0,"pct":100},"branches":{"total":2,"covered":2,"skipped":0,"pct":100}}
,"C:\\Repos\\datatracker-pwa\\src\\components\\elements\\header\\authorization-status.tsx": {"lines":{"total":5,"covered":5,"skipped":0,"pct":100},"functions":{"total":3,"covered":3,"skipped":0,"pct":100},"statements":{"total":5,"covered":5,"skipped":0,"pct":100},"branches":{"total":2,"covered":2,"skipped":0,"pct":100}}
,"C:\\Repos\\datatracker-pwa\\src\\components\\elements\\header\\navigation-bar.tsx": {"lines":{"total":5,"covered":5,"skipped":0,"pct":100},"functions":{"total":2,"covered":2,"skipped":0,"pct":100},"statements":{"total":5,"covered":5,"skipped":0,"pct":100},"branches":{"total":8,"covered":8,"skipped":0,"pct":100}}
,"C:\\Repos\\datatracker-pwa\\src\\components\\elements\\suspense\\error-display.tsx": {"lines":{"total":1,"covered":1,"skipped":0,"pct":100},"functions":{"total":1,"covered":1,"skipped":0,"pct":100},"statements":{"total":1,"covered":1,"skipped":0,"pct":100},"branches":{"total":2,"covered":2,"skipped":0,"pct":100}}
,"C:\\Repos\\datatracker-pwa\\src\\components\\elements\\suspense\\loading-display.tsx": {"lines":{"total":1,"covered":1,"skipped":0,"pct":100},"functions":{"total":1,"covered":1,"skipped":0,"pct":100},"statements":{"total":1,"covered":1,"skipped":0,"pct":100},"branches":{"total":0,"covered":0,"skipped":0,"pct":100}}
,"C:\\Repos\\datatracker-pwa\\src\\components\\pages\\dashboard-evaluations\\evaluations-page.tsx": {"lines":{"total":49,"covered":35,"skipped":0,"pct":71.42},"functions":{"total":25,"covered":13,"skipped":0,"pct":52},"statements":{"total":56,"covered":42,"skipped":0,"pct":75},"branches":{"total":20,"covered":18,"skipped":0,"pct":90}}
,"C:\\Repos\\datatracker-pwa\\src\\components\\pages\\dashboard-evaluations-import\\viewer-evaluations-page.tsx": {"lines":{"total":23,"covered":13,"skipped":0,"pct":56.52},"functions":{"total":15,"covered":7,"skipped":0,"pct":46.66},"statements":{"total":24,"covered":14,"skipped":0,"pct":58.33},"branches":{"total":4,"covered":2,"skipped":0,"pct":50}}
,"C:\\Repos\\datatracker-pwa\\src\\components\\pages\\dashboard-groups\\authorized-display-content.tsx": {"lines":{"total":41,"covered":32,"skipped":0,"pct":78.04},"functions":{"total":20,"covered":11,"skipped":0,"pct":55},"statements":{"total":43,"covered":34,"skipped":0,"pct":79.06},"branches":{"total":10,"covered":10,"skipped":0,"pct":100}}
,"C:\\Repos\\datatracker-pwa\\src\\components\\pages\\dashboard-groups\\unauthorized-display.tsx": {"lines":{"total":19,"covered":18,"skipped":0,"pct":94.73},"functions":{"total":5,"covered":4,"skipped":0,"pct":80},"statements":{"total":20,"covered":19,"skipped":0,"pct":95},"branches":{"total":8,"covered":7,"skipped":0,"pct":87.5}}
,"C:\\Repos\\datatracker-pwa\\src\\components\\pages\\dashboard-keysets\\keysets-page.tsx": {"lines":{"total":48,"covered":33,"skipped":0,"pct":68.75},"functions":{"total":28,"covered":15,"skipped":0,"pct":53.57},"statements":{"total":54,"covered":39,"skipped":0,"pct":72.22},"branches":{"total":16,"covered":14,"skipped":0,"pct":87.5}}
,"C:\\Repos\\datatracker-pwa\\src\\components\\pages\\dashboard-keysets-import\\viewer-keysets-page.tsx": {"lines":{"total":25,"covered":14,"skipped":0,"pct":56},"functions":{"total":16,"covered":7,"skipped":0,"pct":43.75},"statements":{"total":26,"covered":15,"skipped":0,"pct":57.69},"branches":{"total":2,"covered":0,"skipped":0,"pct":0}}
,"C:\\Repos\\datatracker-pwa\\src\\components\\pages\\dashboard-outcomes\\dashboard-history-page.tsx": {"lines":{"total":35,"covered":22,"skipped":0,"pct":62.85},"functions":{"total":21,"covered":9,"skipped":0,"pct":42.85},"statements":{"total":35,"covered":22,"skipped":0,"pct":62.85},"branches":{"total":10,"covered":8,"skipped":0,"pct":80}}
,"C:\\Repos\\datatracker-pwa\\src\\components\\pages\\dashboard-participants\\clients-page.tsx": {"lines":{"total":33,"covered":24,"skipped":0,"pct":72.72},"functions":{"total":16,"covered":8,"skipped":0,"pct":50},"statements":{"total":35,"covered":26,"skipped":0,"pct":74.28},"branches":{"total":8,"covered":8,"skipped":0,"pct":100}}
,"C:\\Repos\\datatracker-pwa\\src\\components\\pages\\dashboard-sync\\view-sync-page.tsx": {"lines":{"total":25,"covered":23,"skipped":0,"pct":92},"functions":{"total":10,"covered":8,"skipped":0,"pct":80},"statements":{"total":27,"covered":24,"skipped":0,"pct":88.88},"branches":{"total":30,"covered":24,"skipped":0,"pct":80}}
,"C:\\Repos\\datatracker-pwa\\src\\components\\pages\\dashboard-sync\\views\\sync-from-remote-table.tsx": {"lines":{"total":38,"covered":26,"skipped":0,"pct":68.42},"functions":{"total":17,"covered":7,"skipped":0,"pct":41.17},"statements":{"total":39,"covered":26,"skipped":0,"pct":66.66},"branches":{"total":25,"covered":12,"skipped":0,"pct":48}}
,"C:\\Repos\\datatracker-pwa\\src\\components\\pages\\dashboard-sync\\views\\sync-to-remote-table.tsx": {"lines":{"total":38,"covered":26,"skipped":0,"pct":68.42},"functions":{"total":17,"covered":7,"skipped":0,"pct":41.17},"statements":{"total":39,"covered":26,"skipped":0,"pct":66.66},"branches":{"total":25,"covered":12,"skipped":0,"pct":48}}
,"C:\\Repos\\datatracker-pwa\\src\\components\\pages\\documentation\\documentation-entry-page.tsx": {"lines":{"total":9,"covered":9,"skipped":0,"pct":100},"functions":{"total":3,"covered":3,"skipped":0,"pct":100},"statements":{"total":10,"covered":10,"skipped":0,"pct":100},"branches":{"total":10,"covered":8,"skipped":0,"pct":80}}
,"C:\\Repos\\datatracker-pwa\\src\\components\\pages\\documentation\\documentation-listing-page.tsx": {"lines":{"total":8,"covered":8,"skipped":0,"pct":100},"functions":{"total":6,"covered":6,"skipped":0,"pct":100},"statements":{"total":9,"covered":9,"skipped":0,"pct":100},"branches":{"total":2,"covered":2,"skipped":0,"pct":100}}
,"C:\\Repos\\datatracker-pwa\\src\\components\\pages\\documentation\\views\\md-viewer.tsx": {"lines":{"total":7,"covered":7,"skipped":0,"pct":100},"functions":{"total":5,"covered":5,"skipped":0,"pct":100},"statements":{"total":10,"covered":10,"skipped":0,"pct":100},"branches":{"total":1,"covered":1,"skipped":0,"pct":100}}
,"C:\\Repos\\datatracker-pwa\\src\\components\\pages\\editor-keyset\\keyset-editor.tsx": {"lines":{"total":79,"covered":41,"skipped":0,"pct":51.89},"functions":{"total":29,"covered":15,"skipped":0,"pct":51.72},"statements":{"total":86,"covered":42,"skipped":0,"pct":48.83},"branches":{"total":34,"covered":5,"skipped":0,"pct":14.7}}
,"C:\\Repos\\datatracker-pwa\\src\\components\\pages\\editor-keyset\\dialogs\\duration-dialog.tsx": {"lines":{"total":35,"covered":18,"skipped":0,"pct":51.42},"functions":{"total":7,"covered":5,"skipped":0,"pct":71.42},"statements":{"total":36,"covered":18,"skipped":0,"pct":50},"branches":{"total":16,"covered":9,"skipped":0,"pct":56.25}}
,"C:\\Repos\\datatracker-pwa\\src\\components\\pages\\editor-keyset\\dialogs\\frequency-dialog.tsx": {"lines":{"total":35,"covered":18,"skipped":0,"pct":51.42},"functions":{"total":7,"covered":5,"skipped":0,"pct":71.42},"statements":{"total":36,"covered":18,"skipped":0,"pct":50},"branches":{"total":16,"covered":9,"skipped":0,"pct":56.25}}
,"C:\\Repos\\datatracker-pwa\\src\\components\\pages\\editor-keyset\\dialogs\\logical-dialog.tsx": {"lines":{"total":70,"covered":20,"skipped":0,"pct":28.57},"functions":{"total":31,"covered":9,"skipped":0,"pct":29.03},"statements":{"total":81,"covered":20,"skipped":0,"pct":24.69},"branches":{"total":28,"covered":4,"skipped":0,"pct":14.28}}
,"C:\\Repos\\datatracker-pwa\\src\\components\\pages\\editor-keyset\\dialogs\\scored-duration-dialog.tsx": {"lines":{"total":35,"covered":20,"skipped":0,"pct":57.14},"functions":{"total":7,"covered":6,"skipped":0,"pct":85.71},"statements":{"total":36,"covered":20,"skipped":0,"pct":55.55},"branches":{"total":16,"covered":9,"skipped":0,"pct":56.25}}
,"C:\\Repos\\datatracker-pwa\\src\\components\\pages\\editor-keyset\\dialogs\\special-duration-dialog.tsx": {"lines":{"total":35,"covered":20,"skipped":0,"pct":57.14},"functions":{"total":7,"covered":6,"skipped":0,"pct":85.71},"statements":{"total":36,"covered":20,"skipped":0,"pct":55.55},"branches":{"total":16,"covered":9,"skipped":0,"pct":56.25}}
,"C:\\Repos\\datatracker-pwa\\src\\components\\pages\\editor-session\\session-designer-form.tsx": {"lines":{"total":62,"covered":39,"skipped":0,"pct":62.9},"functions":{"total":36,"covered":24,"skipped":0,"pct":66.66},"statements":{"total":67,"covered":43,"skipped":0,"pct":64.17},"branches":{"total":24,"covered":19,"skipped":0,"pct":79.16}}
,"C:\\Repos\\datatracker-pwa\\src\\components\\pages\\editor-session\\session-designer-schema.ts": {"lines":{"total":1,"covered":1,"skipped":0,"pct":100},"functions":{"total":0,"covered":0,"skipped":0,"pct":100},"statements":{"total":1,"covered":1,"skipped":0,"pct":100},"branches":{"total":0,"covered":0,"skipped":0,"pct":100}}
,"C:\\Repos\\datatracker-pwa\\src\\components\\pages\\editor-session-outcome\\session-manager-content.tsx": {"lines":{"total":52,"covered":45,"skipped":0,"pct":86.53},"functions":{"total":21,"covered":17,"skipped":0,"pct":80.95},"statements":{"total":58,"covered":51,"skipped":0,"pct":87.93},"branches":{"total":24,"covered":22,"skipped":0,"pct":91.66}}
,"C:\\Repos\\datatracker-pwa\\src\\components\\pages\\editor-session-outcome\\views\\session-figure.tsx": {"lines":{"total":31,"covered":15,"skipped":0,"pct":48.38},"functions":{"total":21,"covered":11,"skipped":0,"pct":52.38},"statements":{"total":38,"covered":21,"skipped":0,"pct":55.26},"branches":{"total":15,"covered":4,"skipped":0,"pct":26.66}}
,"C:\\Repos\\datatracker-pwa\\src\\components\\pages\\editor-session-outcome\\views\\session-key-list.tsx": {"lines":{"total":18,"covered":4,"skipped":0,"pct":22.22},"functions":{"total":16,"covered":2,"skipped":0,"pct":12.5},"statements":{"total":19,"covered":5,"skipped":0,"pct":26.31},"branches":{"total":2,"covered":2,"skipped":0,"pct":100}}
,"C:\\Repos\\datatracker-pwa\\src\\components\\pages\\editor-session-outcome\\views\\session-viewer-content.tsx": {"lines":{"total":10,"covered":3,"skipped":0,"pct":30},"functions":{"total":6,"covered":2,"skipped":0,"pct":33.33},"statements":{"total":12,"covered":3,"skipped":0,"pct":25},"branches":{"total":6,"covered":4,"skipped":0,"pct":66.66}}
,"C:\\Repos\\datatracker-pwa\\src\\components\\pages\\editor-settings\\settings-page.tsx": {"lines":{"total":1,"covered":1,"skipped":0,"pct":100},"functions":{"total":1,"covered":1,"skipped":0,"pct":100},"statements":{"total":1,"covered":1,"skipped":0,"pct":100},"branches":{"total":0,"covered":0,"skipped":0,"pct":100}}
,"C:\\Repos\\datatracker-pwa\\src\\components\\pages\\editor-settings\\views\\settings-form-item-wrapper.tsx": {"lines":{"total":1,"covered":1,"skipped":0,"pct":100},"functions":{"total":1,"covered":1,"skipped":0,"pct":100},"statements":{"total":1,"covered":1,"skipped":0,"pct":100},"branches":{"total":0,"covered":0,"skipped":0,"pct":100}}
,"C:\\Repos\\datatracker-pwa\\src\\components\\pages\\editor-settings\\views\\settings-tab-admin.tsx": {"lines":{"total":16,"covered":5,"skipped":0,"pct":31.25},"functions":{"total":6,"covered":3,"skipped":0,"pct":50},"statements":{"total":16,"covered":5,"skipped":0,"pct":31.25},"branches":{"total":4,"covered":2,"skipped":0,"pct":50}}
,"C:\\Repos\\datatracker-pwa\\src\\components\\pages\\editor-settings\\views\\settings-tab-container.tsx": {"lines":{"total":1,"covered":1,"skipped":0,"pct":100},"functions":{"total":1,"covered":1,"skipped":0,"pct":100},"statements":{"total":1,"covered":1,"skipped":0,"pct":100},"branches":{"total":0,"covered":0,"skipped":0,"pct":100}}
,"C:\\Repos\\datatracker-pwa\\src\\components\\pages\\editor-settings\\views\\settings-tab-display.tsx": {"lines":{"total":43,"covered":12,"skipped":0,"pct":27.9},"functions":{"total":17,"covered":9,"skipped":0,"pct":52.94},"statements":{"total":43,"covered":12,"skipped":0,"pct":27.9},"branches":{"total":6,"covered":5,"skipped":0,"pct":83.33}}
,"C:\\Repos\\datatracker-pwa\\src\\components\\pages\\editor-settings\\views\\settings-tab-io.tsx": {"lines":{"total":17,"covered":5,"skipped":0,"pct":29.41},"functions":{"total":7,"covered":4,"skipped":0,"pct":57.14},"statements":{"total":17,"covered":5,"skipped":0,"pct":29.41},"branches":{"total":0,"covered":0,"skipped":0,"pct":100}}
,"C:\\Repos\\datatracker-pwa\\src\\components\\pages\\editor-settings\\views\\settings-tab-notifications.tsx": {"lines":{"total":12,"covered":4,"skipped":0,"pct":33.33},"functions":{"total":5,"covered":3,"skipped":0,"pct":60},"statements":{"total":12,"covered":4,"skipped":0,"pct":33.33},"branches":{"total":2,"covered":1,"skipped":0,"pct":50}}
,"C:\\Repos\\datatracker-pwa\\src\\components\\pages\\home\\home-page.tsx": {"lines":{"total":15,"covered":10,"skipped":0,"pct":66.66},"functions":{"total":5,"covered":3,"skipped":0,"pct":60},"statements":{"total":15,"covered":10,"skipped":0,"pct":66.66},"branches":{"total":11,"covered":11,"skipped":0,"pct":100}}
,"C:\\Repos\\datatracker-pwa\\src\\components\\pages\\home\\views\\img-carousel.tsx": {"lines":{"total":4,"covered":4,"skipped":0,"pct":100},"functions":{"total":3,"covered":3,"skipped":0,"pct":100},"statements":{"total":4,"covered":4,"skipped":0,"pct":100},"branches":{"total":0,"covered":0,"skipped":0,"pct":100}}
,"C:\\Repos\\datatracker-pwa\\src\\components\\pages\\session-recorder\\session-recorder-page.tsx": {"lines":{"total":1,"covered":1,"skipped":0,"pct":100},"functions":{"total":1,"covered":1,"skipped":0,"pct":100},"statements":{"total":1,"covered":1,"skipped":0,"pct":100},"branches":{"total":0,"covered":0,"skipped":0,"pct":100}}
,"C:\\Repos\\datatracker-pwa\\src\\components\\pages\\session-recorder\\subpanels\\header-component.tsx": {"lines":{"total":15,"covered":13,"skipped":0,"pct":86.66},"functions":{"total":6,"covered":5,"skipped":0,"pct":83.33},"statements":{"total":16,"covered":13,"skipped":0,"pct":81.25},"branches":{"total":7,"covered":4,"skipped":0,"pct":57.14}}
,"C:\\Repos\\datatracker-pwa\\src\\components\\pages\\session-recorder\\views\\padded-row.tsx": {"lines":{"total":14,"covered":14,"skipped":0,"pct":100},"functions":{"total":2,"covered":2,"skipped":0,"pct":100},"statements":{"total":14,"covered":14,"skipped":0,"pct":100},"branches":{"total":21,"covered":19,"skipped":0,"pct":90.47}}
,"C:\\Repos\\datatracker-pwa\\src\\components\\pages\\session-recorder\\views\\session-recorder-interface.tsx": {"lines":{"total":105,"covered":76,"skipped":0,"pct":72.38},"functions":{"total":28,"covered":16,"skipped":0,"pct":57.14},"statements":{"total":110,"covered":76,"skipped":0,"pct":69.09},"branches":{"total":29,"covered":9,"skipped":0,"pct":31.03}}
,"C:\\Repos\\datatracker-pwa\\src\\components\\pages\\session-recorder\\views\\ui-counts-cols.tsx": {"lines":{"total":20,"covered":14,"skipped":0,"pct":70},"functions":{"total":5,"covered":4,"skipped":0,"pct":80},"statements":{"total":22,"covered":15,"skipped":0,"pct":68.18},"branches":{"total":17,"covered":14,"skipped":0,"pct":82.35}}
,"C:\\Repos\\datatracker-pwa\\src\\components\\pages\\session-recorder\\views\\ui-counts-duration.tsx": {"lines":{"total":5,"covered":5,"skipped":0,"pct":100},"functions":{"total":2,"covered":2,"skipped":0,"pct":100},"statements":{"total":5,"covered":5,"skipped":0,"pct":100},"branches":{"total":0,"covered":0,"skipped":0,"pct":100}}
,"C:\\Repos\\datatracker-pwa\\src\\components\\pages\\session-recorder\\views\\ui-counts-frequency.tsx": {"lines":{"total":5,"covered":5,"skipped":0,"pct":100},"functions":{"total":2,"covered":2,"skipped":0,"pct":100},"statements":{"total":5,"covered":5,"skipped":0,"pct":100},"branches":{"total":0,"covered":0,"skipped":0,"pct":100}}
,"C:\\Repos\\datatracker-pwa\\src\\components\\pages\\session-recorder\\views\\ui-instructions.tsx": {"lines":{"total":2,"covered":2,"skipped":0,"pct":100},"functions":{"total":2,"covered":2,"skipped":0,"pct":100},"statements":{"total":2,"covered":2,"skipped":0,"pct":100},"branches":{"total":4,"covered":4,"skipped":0,"pct":100}}
,"C:\\Repos\\datatracker-pwa\\src\\components\\pages\\session-recorder\\views\\ui-key-listing.tsx": {"lines":{"total":2,"covered":2,"skipped":0,"pct":100},"functions":{"total":2,"covered":2,"skipped":0,"pct":100},"statements":{"total":2,"covered":2,"skipped":0,"pct":100},"branches":{"total":8,"covered":7,"skipped":0,"pct":87.5}}
,"C:\\Repos\\datatracker-pwa\\src\\components\\pages\\summary-agreement\\reli-viewer-page.tsx": {"lines":{"total":1,"covered":1,"skipped":0,"pct":100},"functions":{"total":1,"covered":1,"skipped":0,"pct":100},"statements":{"total":1,"covered":1,"skipped":0,"pct":100},"branches":{"total":0,"covered":0,"skipped":0,"pct":100}}
,"C:\\Repos\\datatracker-pwa\\src\\components\\pages\\summary-agreement\\views\\reli-blank.tsx": {"lines":{"total":1,"covered":1,"skipped":0,"pct":100},"functions":{"total":1,"covered":1,"skipped":0,"pct":100},"statements":{"total":1,"covered":1,"skipped":0,"pct":100},"branches":{"total":0,"covered":0,"skipped":0,"pct":100}}
,"C:\\Repos\\datatracker-pwa\\src\\components\\pages\\summary-agreement\\views\\reli-viewer-content.tsx": {"lines":{"total":5,"covered":3,"skipped":0,"pct":60},"functions":{"total":3,"covered":1,"skipped":0,"pct":33.33},"statements":{"total":7,"covered":3,"skipped":0,"pct":42.85},"branches":{"total":4,"covered":0,"skipped":0,"pct":0}}
,"C:\\Repos\\datatracker-pwa\\src\\components\\pages\\summary-outcomes\\results-viewer-content.tsx": {"lines":{"total":15,"covered":7,"skipped":0,"pct":46.66},"functions":{"total":9,"covered":5,"skipped":0,"pct":55.55},"statements":{"total":18,"covered":9,"skipped":0,"pct":50},"branches":{"total":11,"covered":6,"skipped":0,"pct":54.54}}
,"C:\\Repos\\datatracker-pwa\\src\\components\\pages\\summary-outcomes\\views\\view-duration-results.tsx": {"lines":{"total":33,"covered":9,"skipped":0,"pct":27.27},"functions":{"total":14,"covered":7,"skipped":0,"pct":50},"statements":{"total":39,"covered":12,"skipped":0,"pct":30.76},"branches":{"total":6,"covered":1,"skipped":0,"pct":16.66}}
,"C:\\Repos\\datatracker-pwa\\src\\components\\pages\\summary-outcomes\\views\\view-frequency-results.tsx": {"lines":{"total":35,"covered":9,"skipped":0,"pct":25.71},"functions":{"total":16,"covered":7,"skipped":0,"pct":43.75},"statements":{"total":42,"covered":12,"skipped":0,"pct":28.57},"branches":{"total":8,"covered":1,"skipped":0,"pct":12.5}}
,"C:\\Repos\\datatracker-pwa\\src\\components\\pages\\visualize-outcomes\\proportion\\proportion-elements.tsx": {"lines":{"total":20,"covered":20,"skipped":0,"pct":100},"functions":{"total":9,"covered":9,"skipped":0,"pct":100},"statements":{"total":21,"covered":21,"skipped":0,"pct":100},"branches":{"total":13,"covered":11,"skipped":0,"pct":84.61}}
,"C:\\Repos\\datatracker-pwa\\src\\components\\pages\\visualize-outcomes\\proportion\\proportion-figure.tsx": {"lines":{"total":15,"covered":9,"skipped":0,"pct":60},"functions":{"total":2,"covered":1,"skipped":0,"pct":50},"statements":{"total":15,"covered":9,"skipped":0,"pct":60},"branches":{"total":2,"covered":0,"skipped":0,"pct":0}}
,"C:\\Repos\\datatracker-pwa\\src\\components\\pages\\visualize-outcomes\\proportion\\results-proportion-visuals-page.tsx": {"lines":{"total":24,"covered":8,"skipped":0,"pct":33.33},"functions":{"total":13,"covered":4,"skipped":0,"pct":30.76},"statements":{"total":27,"covered":8,"skipped":0,"pct":29.62},"branches":{"total":8,"covered":2,"skipped":0,"pct":25}}
,"C:\\Repos\\datatracker-pwa\\src\\components\\pages\\visualize-outcomes\\rate\\rate-elements.tsx": {"lines":{"total":14,"covered":14,"skipped":0,"pct":100},"functions":{"total":6,"covered":6,"skipped":0,"pct":100},"statements":{"total":15,"covered":15,"skipped":0,"pct":100},"branches":{"total":7,"covered":7,"skipped":0,"pct":100}}
,"C:\\Repos\\datatracker-pwa\\src\\components\\pages\\visualize-outcomes\\rate\\rate-figure.tsx": {"lines":{"total":15,"covered":9,"skipped":0,"pct":60},"functions":{"total":2,"covered":1,"skipped":0,"pct":50},"statements":{"total":15,"covered":9,"skipped":0,"pct":60},"branches":{"total":2,"covered":0,"skipped":0,"pct":0}}
,"C:\\Repos\\datatracker-pwa\\src\\components\\pages\\visualize-outcomes\\rate\\results-rate-visuals-page.tsx": {"lines":{"total":24,"covered":8,"skipped":0,"pct":33.33},"functions":{"total":14,"covered":5,"skipped":0,"pct":35.71},"statements":{"total":28,"covered":9,"skipped":0,"pct":32.14},"branches":{"total":10,"covered":3,"skipped":0,"pct":30}}
,"C:\\Repos\\datatracker-pwa\\src\\components\\pages\\visualize-outcomes\\shared\\base-chart.tsx": {"lines":{"total":20,"covered":17,"skipped":0,"pct":85},"functions":{"total":7,"covered":6,"skipped":0,"pct":85.71},"statements":{"total":21,"covered":18,"skipped":0,"pct":85.71},"branches":{"total":8,"covered":6,"skipped":0,"pct":75}}
,"C:\\Repos\\datatracker-pwa\\src\\lib\\arrays.ts": {"lines":{"total":9,"covered":9,"skipped":0,"pct":100},"functions":{"total":3,"covered":3,"skipped":0,"pct":100},"statements":{"total":11,"covered":11,"skipped":0,"pct":100},"branches":{"total":0,"covered":0,"skipped":0,"pct":100}}
,"C:\\Repos\\datatracker-pwa\\src\\lib\\calculations.ts": {"lines":{"total":24,"covered":24,"skipped":0,"pct":100},"functions":{"total":13,"covered":13,"skipped":0,"pct":100},"statements":{"total":27,"covered":27,"skipped":0,"pct":100},"branches":{"total":13,"covered":13,"skipped":0,"pct":100}}
,"C:\\Repos\\datatracker-pwa\\src\\lib\\colors.ts": {"lines":{"total":10,"covered":10,"skipped":0,"pct":100},"functions":{"total":5,"covered":5,"skipped":0,"pct":100},"statements":{"total":10,"covered":10,"skipped":0,"pct":100},"branches":{"total":0,"covered":0,"skipped":0,"pct":100}}
,"C:\\Repos\\datatracker-pwa\\src\\lib\\data.ts": {"lines":{"total":7,"covered":7,"skipped":0,"pct":100},"functions":{"total":1,"covered":1,"skipped":0,"pct":100},"statements":{"total":7,"covered":7,"skipped":0,"pct":100},"branches":{"total":0,"covered":0,"skipped":0,"pct":100}}
,"C:\\Repos\\datatracker-pwa\\src\\lib\\displays.ts": {"lines":{"total":18,"covered":18,"skipped":0,"pct":100},"functions":{"total":1,"covered":1,"skipped":0,"pct":100},"statements":{"total":18,"covered":18,"skipped":0,"pct":100},"branches":{"total":14,"covered":14,"skipped":0,"pct":100}}
,"C:\\Repos\\datatracker-pwa\\src\\lib\\docs.ts": {"lines":{"total":15,"covered":15,"skipped":0,"pct":100},"functions":{"total":4,"covered":4,"skipped":0,"pct":100},"statements":{"total":17,"covered":17,"skipped":0,"pct":100},"branches":{"total":0,"covered":0,"skipped":0,"pct":100}}
,"C:\\Repos\\datatracker-pwa\\src\\lib\\dtos.ts": {"lines":{"total":18,"covered":18,"skipped":0,"pct":100},"functions":{"total":2,"covered":2,"skipped":0,"pct":100},"statements":{"total":18,"covered":18,"skipped":0,"pct":100},"branches":{"total":12,"covered":12,"skipped":0,"pct":100}}
,"C:\\Repos\\datatracker-pwa\\src\\lib\\file.ts": {"lines":{"total":31,"covered":15,"skipped":0,"pct":48.38},"functions":{"total":9,"covered":9,"skipped":0,"pct":100},"statements":{"total":39,"covered":22,"skipped":0,"pct":56.41},"branches":{"total":14,"covered":10,"skipped":0,"pct":71.42}}
,"C:\\Repos\\datatracker-pwa\\src\\lib\\forms.ts": {"lines":{"total":1,"covered":1,"skipped":0,"pct":100},"functions":{"total":1,"covered":1,"skipped":0,"pct":100},"statements":{"total":1,"covered":1,"skipped":0,"pct":100},"branches":{"total":0,"covered":0,"skipped":0,"pct":100}}
,"C:\\Repos\\datatracker-pwa\\src\\lib\\graphing.ts": {"lines":{"total":115,"covered":111,"skipped":0,"pct":96.52},"functions":{"total":55,"covered":51,"skipped":0,"pct":92.72},"statements":{"total":130,"covered":124,"skipped":0,"pct":95.38},"branches":{"total":50,"covered":44,"skipped":0,"pct":88}}
,"C:\\Repos\\datatracker-pwa\\src\\lib\\keys.ts": {"lines":{"total":4,"covered":4,"skipped":0,"pct":100},"functions":{"total":2,"covered":2,"skipped":0,"pct":100},"statements":{"total":5,"covered":5,"skipped":0,"pct":100},"branches":{"total":0,"covered":0,"skipped":0,"pct":100}}
,"C:\\Repos\\datatracker-pwa\\src\\lib\\keyset.ts": {"lines":{"total":9,"covered":9,"skipped":0,"pct":100},"functions":{"total":6,"covered":6,"skipped":0,"pct":100},"statements":{"total":10,"covered":10,"skipped":0,"pct":100},"branches":{"total":12,"covered":9,"skipped":0,"pct":75}}
,"C:\\Repos\\datatracker-pwa\\src\\lib\\local_storage.ts": {"lines":{"total":7,"covered":7,"skipped":0,"pct":100},"functions":{"total":2,"covered":2,"skipped":0,"pct":100},"statements":{"total":7,"covered":7,"skipped":0,"pct":100},"branches":{"total":2,"covered":2,"skipped":0,"pct":100}}
,"C:\\Repos\\datatracker-pwa\\src\\lib\\logic.ts": {"lines":{"total":32,"covered":32,"skipped":0,"pct":100},"functions":{"total":6,"covered":6,"skipped":0,"pct":100},"statements":{"total":36,"covered":36,"skipped":0,"pct":100},"branches":{"total":18,"covered":18,"skipped":0,"pct":100}}
,"C:\\Repos\\datatracker-pwa\\src\\lib\\notifications.ts": {"lines":{"total":6,"covered":6,"skipped":0,"pct":100},"functions":{"total":1,"covered":1,"skipped":0,"pct":100},"statements":{"total":6,"covered":6,"skipped":0,"pct":100},"branches":{"total":7,"covered":7,"skipped":0,"pct":100}}
,"C:\\Repos\\datatracker-pwa\\src\\lib\\query-mutate.ts": {"lines":{"total":319,"covered":286,"skipped":0,"pct":89.65},"functions":{"total":31,"covered":26,"skipped":0,"pct":83.87},"statements":{"total":336,"covered":299,"skipped":0,"pct":88.98},"branches":{"total":120,"covered":87,"skipped":0,"pct":72.5}}
,"C:\\Repos\\datatracker-pwa\\src\\lib\\query-read.ts": {"lines":{"total":149,"covered":149,"skipped":0,"pct":100},"functions":{"total":15,"covered":15,"skipped":0,"pct":100},"statements":{"total":169,"covered":161,"skipped":0,"pct":95.26},"branches":{"total":88,"covered":72,"skipped":0,"pct":81.81}}
,"C:\\Repos\\datatracker-pwa\\src\\lib\\reader.ts": {"lines":{"total":6,"covered":6,"skipped":0,"pct":100},"functions":{"total":1,"covered":1,"skipped":0,"pct":100},"statements":{"total":8,"covered":8,"skipped":0,"pct":100},"branches":{"total":8,"covered":7,"skipped":0,"pct":87.5}}
,"C:\\Repos\\datatracker-pwa\\src\\lib\\recorder-core.ts": {"lines":{"total":176,"covered":174,"skipped":0,"pct":98.86},"functions":{"total":37,"covered":37,"skipped":0,"pct":100},"statements":{"total":194,"covered":186,"skipped":0,"pct":95.87},"branches":{"total":122,"covered":110,"skipped":0,"pct":90.16}}
,"C:\\Repos\\datatracker-pwa\\src\\lib\\reli.ts": {"lines":{"total":309,"covered":294,"skipped":0,"pct":95.14},"functions":{"total":86,"covered":86,"skipped":0,"pct":100},"statements":{"total":346,"covered":331,"skipped":0,"pct":95.66},"branches":{"total":121,"covered":94,"skipped":0,"pct":77.68}}
,"C:\\Repos\\datatracker-pwa\\src\\lib\\routing.ts": {"lines":{"total":4,"covered":4,"skipped":0,"pct":100},"functions":{"total":1,"covered":1,"skipped":0,"pct":100},"statements":{"total":4,"covered":4,"skipped":0,"pct":100},"branches":{"total":4,"covered":4,"skipped":0,"pct":100}}
,"C:\\Repos\\datatracker-pwa\\src\\lib\\schedule-parser.ts": {"lines":{"total":72,"covered":72,"skipped":0,"pct":100},"functions":{"total":17,"covered":17,"skipped":0,"pct":100},"statements":{"total":91,"covered":91,"skipped":0,"pct":100},"branches":{"total":39,"covered":39,"skipped":0,"pct":100}}
,"C:\\Repos\\datatracker-pwa\\src\\lib\\session-keypress.ts": {"lines":{"total":147,"covered":134,"skipped":0,"pct":91.15},"functions":{"total":17,"covered":16,"skipped":0,"pct":94.11},"statements":{"total":161,"covered":146,"skipped":0,"pct":90.68},"branches":{"total":123,"covered":101,"skipped":0,"pct":82.11}}
,"C:\\Repos\\datatracker-pwa\\src\\lib\\shapes.ts": {"lines":{"total":18,"covered":18,"skipped":0,"pct":100},"functions":{"total":1,"covered":1,"skipped":0,"pct":100},"statements":{"total":18,"covered":18,"skipped":0,"pct":100},"branches":{"total":7,"covered":7,"skipped":0,"pct":100}}
,"C:\\Repos\\datatracker-pwa\\src\\lib\\shared-buffer.ts": {"lines":{"total":49,"covered":49,"skipped":0,"pct":100},"functions":{"total":6,"covered":6,"skipped":0,"pct":100},"statements":{"total":51,"covered":51,"skipped":0,"pct":100},"branches":{"total":48,"covered":46,"skipped":0,"pct":95.83}}
,"C:\\Repos\\datatracker-pwa\\src\\lib\\strings.ts": {"lines":{"total":2,"covered":2,"skipped":0,"pct":100},"functions":{"total":1,"covered":1,"skipped":0,"pct":100},"statements":{"total":2,"covered":2,"skipped":0,"pct":100},"branches":{"total":0,"covered":0,"skipped":0,"pct":100}}
,"C:\\Repos\\datatracker-pwa\\src\\lib\\summary.ts": {"lines":{"total":20,"covered":20,"skipped":0,"pct":100},"functions":{"total":6,"covered":6,"skipped":0,"pct":100},"statements":{"total":21,"covered":21,"skipped":0,"pct":100},"branches":{"total":0,"covered":0,"skipped":0,"pct":100}}
,"C:\\Repos\\datatracker-pwa\\src\\lib\\sync-core.ts": {"lines":{"total":17,"covered":17,"skipped":0,"pct":100},"functions":{"total":5,"covered":5,"skipped":0,"pct":100},"statements":{"total":17,"covered":17,"skipped":0,"pct":100},"branches":{"total":5,"covered":5,"skipped":0,"pct":100}}
,"C:\\Repos\\datatracker-pwa\\src\\lib\\sync-utils.ts": {"lines":{"total":57,"covered":56,"skipped":0,"pct":98.24},"functions":{"total":13,"covered":13,"skipped":0,"pct":100},"statements":{"total":72,"covered":71,"skipped":0,"pct":98.61},"branches":{"total":34,"covered":33,"skipped":0,"pct":97.05}}
,"C:\\Repos\\datatracker-pwa\\src\\lib\\time.ts": {"lines":{"total":13,"covered":13,"skipped":0,"pct":100},"functions":{"total":3,"covered":3,"skipped":0,"pct":100},"statements":{"total":13,"covered":13,"skipped":0,"pct":100},"branches":{"total":4,"covered":4,"skipped":0,"pct":100}}
,"C:\\Repos\\datatracker-pwa\\src\\lib\\user-agent.ts": {"lines":{"total":3,"covered":3,"skipped":0,"pct":100},"functions":{"total":1,"covered":1,"skipped":0,"pct":100},"statements":{"total":4,"covered":4,"skipped":0,"pct":100},"branches":{"total":2,"covered":2,"skipped":0,"pct":100}}
,"C:\\Repos\\datatracker-pwa\\src\\lib\\window.ts": {"lines":{"total":2,"covered":2,"skipped":0,"pct":100},"functions":{"total":1,"covered":1,"skipped":0,"pct":100},"statements":{"total":2,"covered":2,"skipped":0,"pct":100},"branches":{"total":0,"covered":0,"skipped":0,"pct":100}}
,"C:\\Repos\\datatracker-pwa\\src\\lib\\worker-buffers.ts": {"lines":{"total":38,"covered":38,"skipped":0,"pct":100},"functions":{"total":11,"covered":11,"skipped":0,"pct":100},"statements":{"total":41,"covered":41,"skipped":0,"pct":100},"branches":{"total":13,"covered":13,"skipped":0,"pct":100}}
,"C:\\Repos\\datatracker-pwa\\src\\lib\\writer.ts": {"lines":{"total":1,"covered":1,"skipped":0,"pct":100},"functions":{"total":1,"covered":1,"skipped":0,"pct":100},"statements":{"total":1,"covered":1,"skipped":0,"pct":100},"branches":{"total":0,"covered":0,"skipped":0,"pct":100}}
,"C:\\Repos\\datatracker-pwa\\src\\lib\\analytics\\analytics-client.ts": {"lines":{"total":26,"covered":26,"skipped":0,"pct":100},"functions":{"total":3,"covered":3,"skipped":0,"pct":100},"statements":{"total":28,"covered":28,"skipped":0,"pct":100},"branches":{"total":14,"covered":13,"skipped":0,"pct":92.85}}
,"C:\\Repos\\datatracker-pwa\\src\\lib\\analytics\\analytics-config.ts": {"lines":{"total":1,"covered":1,"skipped":0,"pct":100},"functions":{"total":0,"covered":0,"skipped":0,"pct":100},"statements":{"total":1,"covered":1,"skipped":0,"pct":100},"branches":{"total":0,"covered":0,"skipped":0,"pct":100}}
,"C:\\Repos\\datatracker-pwa\\src\\lib\\analytics\\analytics-consent.ts": {"lines":{"total":5,"covered":5,"skipped":0,"pct":100},"functions":{"total":3,"covered":3,"skipped":0,"pct":100},"statements":{"total":5,"covered":5,"skipped":0,"pct":100},"branches":{"total":2,"covered":2,"skipped":0,"pct":100}}
,"C:\\Repos\\datatracker-pwa\\src\\lib\\analytics\\analytics-errors.ts": {"lines":{"total":10,"covered":10,"skipped":0,"pct":100},"functions":{"total":3,"covered":3,"skipped":0,"pct":100},"statements":{"total":10,"covered":10,"skipped":0,"pct":100},"branches":{"total":4,"covered":4,"skipped":0,"pct":100}}
,"C:\\Repos\\datatracker-pwa\\src\\lib\\analytics\\analytics-queue.ts": {"lines":{"total":15,"covered":13,"skipped":0,"pct":86.66},"functions":{"total":5,"covered":4,"skipped":0,"pct":80},"statements":{"total":15,"covered":13,"skipped":0,"pct":86.66},"branches":{"total":2,"covered":0,"skipped":0,"pct":0}}
,"C:\\Repos\\datatracker-pwa\\src\\lib\\analytics\\analytics-sync.ts": {"lines":{"total":23,"covered":23,"skipped":0,"pct":100},"functions":{"total":5,"covered":5,"skipped":0,"pct":100},"statements":{"total":28,"covered":28,"skipped":0,"pct":100},"branches":{"total":10,"covered":10,"skipped":0,"pct":100}}
,"C:\\Repos\\datatracker-pwa\\src\\lib\\calculations\\calculation-derived.ts": {"lines":{"total":17,"covered":17,"skipped":0,"pct":100},"functions":{"total":5,"covered":5,"skipped":0,"pct":100},"statements":{"total":22,"covered":22,"skipped":0,"pct":100},"branches":{"total":18,"covered":15,"skipped":0,"pct":83.33}}
,"C:\\Repos\\datatracker-pwa\\src\\lib\\calculations\\calculation-duration.ts": {"lines":{"total":32,"covered":31,"skipped":0,"pct":96.87},"functions":{"total":2,"covered":2,"skipped":0,"pct":100},"statements":{"total":33,"covered":32,"skipped":0,"pct":96.96},"branches":{"total":25,"covered":24,"skipped":0,"pct":96}}
,"C:\\Repos\\datatracker-pwa\\src\\lib\\calculations\\calculation-formatting.ts": {"lines":{"total":30,"covered":30,"skipped":0,"pct":100},"functions":{"total":8,"covered":8,"skipped":0,"pct":100},"statements":{"total":31,"covered":31,"skipped":0,"pct":100},"branches":{"total":12,"covered":12,"skipped":0,"pct":100}}
,"C:\\Repos\\datatracker-pwa\\src\\lib\\calculations\\calculation-frequency.ts": {"lines":{"total":25,"covered":24,"skipped":0,"pct":96},"functions":{"total":2,"covered":2,"skipped":0,"pct":100},"statements":{"total":26,"covered":25,"skipped":0,"pct":96.15},"branches":{"total":19,"covered":18,"skipped":0,"pct":94.73}}
,"C:\\Repos\\datatracker-pwa\\src\\lib\\calculations\\calculation-helpers.ts": {"lines":{"total":58,"covered":57,"skipped":0,"pct":98.27},"functions":{"total":11,"covered":11,"skipped":0,"pct":100},"statements":{"total":62,"covered":61,"skipped":0,"pct":98.38},"branches":{"total":46,"covered":45,"skipped":0,"pct":97.82}}
,"C:\\Repos\\datatracker-pwa\\src\\lib\\keysets\\import-keysets.ts": {"lines":{"total":25,"covered":25,"skipped":0,"pct":100},"functions":{"total":2,"covered":2,"skipped":0,"pct":100},"statements":{"total":25,"covered":25,"skipped":0,"pct":100},"branches":{"total":8,"covered":8,"skipped":0,"pct":100}}
}
