{"total": {"lines":{"total":3744,"covered":3206,"skipped":0,"pct":85.63},"statements":{"total":3744,"covered":3206,"skipped":0,"pct":85.63},"functions":{"total":179,"covered":163,"skipped":0,"pct":91.06},"branches":{"total":971,"covered":883,"skipped":0,"pct":90.93},"branchesTrue":{"total":0,"covered":0,"skipped":0,"pct":100}}
,"D:\\Repos\\datatracker-pwa\\src\\lib\\arrays.ts": {"lines":{"total":15,"covered":15,"skipped":0,"pct":100},"functions":{"total":2,"covered":2,"skipped":0,"pct":100},"statements":{"total":15,"covered":15,"skipped":0,"pct":100},"branches":{"total":7,"covered":7,"skipped":0,"pct":100}}
,"D:\\Repos\\datatracker-pwa\\src\\lib\\calculations.ts": {"lines":{"total":356,"covered":352,"skipped":0,"pct":98.87},"functions":{"total":17,"covered":17,"skipped":0,"pct":100},"statements":{"total":356,"covered":352,"skipped":0,"pct":98.87},"branches":{"total":116,"covered":107,"skipped":0,"pct":92.24}}
,"D:\\Repos\\datatracker-pwa\\src\\lib\\colors.ts": {"lines":{"total":28,"covered":28,"skipped":0,"pct":100},"functions":{"total":1,"covered":1,"skipped":0,"pct":100},"statements":{"total":28,"covered":28,"skipped":0,"pct":100},"branches":{"total":5,"covered":5,"skipped":0,"pct":100}}
,"D:\\Repos\\datatracker-pwa\\src\\lib\\data.ts": {"lines":{"total":12,"covered":12,"skipped":0,"pct":100},"functions":{"total":0,"covered":0,"skipped":0,"pct":100},"statements":{"total":12,"covered":12,"skipped":0,"pct":100},"branches":{"total":1,"covered":1,"skipped":0,"pct":100}}
,"D:\\Repos\\datatracker-pwa\\src\\lib\\displays.ts": {"lines":{"total":40,"covered":40,"skipped":0,"pct":100},"functions":{"total":1,"covered":1,"skipped":0,"pct":100},"statements":{"total":40,"covered":40,"skipped":0,"pct":100},"branches":{"total":13,"covered":13,"skipped":0,"pct":100}}
,"D:\\Repos\\datatracker-pwa\\src\\lib\\docs.ts": {"lines":{"total":17,"covered":17,"skipped":0,"pct":100},"functions":{"total":0,"covered":0,"skipped":0,"pct":100},"statements":{"total":17,"covered":17,"skipped":0,"pct":100},"branches":{"total":3,"covered":3,"skipped":0,"pct":100}}
,"D:\\Repos\\datatracker-pwa\\src\\lib\\dtos.ts": {"lines":{"total":42,"covered":42,"skipped":0,"pct":100},"functions":{"total":2,"covered":2,"skipped":0,"pct":100},"statements":{"total":42,"covered":42,"skipped":0,"pct":100},"branches":{"total":13,"covered":13,"skipped":0,"pct":100}}
,"D:\\Repos\\datatracker-pwa\\src\\lib\\file.ts": {"lines":{"total":57,"covered":39,"skipped":0,"pct":68.42},"functions":{"total":5,"covered":5,"skipped":0,"pct":100},"statements":{"total":57,"covered":39,"skipped":0,"pct":68.42},"branches":{"total":22,"covered":15,"skipped":0,"pct":68.18}}
,"D:\\Repos\\datatracker-pwa\\src\\lib\\forms.ts": {"lines":{"total":3,"covered":3,"skipped":0,"pct":100},"functions":{"total":1,"covered":1,"skipped":0,"pct":100},"statements":{"total":3,"covered":3,"skipped":0,"pct":100},"branches":{"total":1,"covered":1,"skipped":0,"pct":100}}
,"D:\\Repos\\datatracker-pwa\\src\\lib\\graphing.ts": {"lines":{"total":289,"covered":289,"skipped":0,"pct":100},"functions":{"total":15,"covered":15,"skipped":0,"pct":100},"statements":{"total":289,"covered":289,"skipped":0,"pct":100},"branches":{"total":78,"covered":78,"skipped":0,"pct":100}}
,"D:\\Repos\\datatracker-pwa\\src\\lib\\keys.ts": {"lines":{"total":22,"covered":22,"skipped":0,"pct":100},"functions":{"total":1,"covered":1,"skipped":0,"pct":100},"statements":{"total":22,"covered":22,"skipped":0,"pct":100},"branches":{"total":2,"covered":2,"skipped":0,"pct":100}}
,"D:\\Repos\\datatracker-pwa\\src\\lib\\keyset.ts": {"lines":{"total":49,"covered":49,"skipped":0,"pct":100},"functions":{"total":5,"covered":5,"skipped":0,"pct":100},"statements":{"total":49,"covered":49,"skipped":0,"pct":100},"branches":{"total":10,"covered":8,"skipped":0,"pct":80}}
,"D:\\Repos\\datatracker-pwa\\src\\lib\\links.ts": {"lines":{"total":46,"covered":46,"skipped":0,"pct":100},"functions":{"total":1,"covered":1,"skipped":0,"pct":100},"statements":{"total":46,"covered":46,"skipped":0,"pct":100},"branches":{"total":21,"covered":21,"skipped":0,"pct":100}}
,"D:\\Repos\\datatracker-pwa\\src\\lib\\local_storage.ts": {"lines":{"total":25,"covered":25,"skipped":0,"pct":100},"functions":{"total":2,"covered":2,"skipped":0,"pct":100},"statements":{"total":25,"covered":25,"skipped":0,"pct":100},"branches":{"total":4,"covered":4,"skipped":0,"pct":100}}
,"D:\\Repos\\datatracker-pwa\\src\\lib\\logic.ts": {"lines":{"total":58,"covered":58,"skipped":0,"pct":100},"functions":{"total":4,"covered":4,"skipped":0,"pct":100},"statements":{"total":58,"covered":58,"skipped":0,"pct":100},"branches":{"total":26,"covered":26,"skipped":0,"pct":100}}
,"D:\\Repos\\datatracker-pwa\\src\\lib\\notifications.ts": {"lines":{"total":24,"covered":24,"skipped":0,"pct":100},"functions":{"total":1,"covered":1,"skipped":0,"pct":100},"statements":{"total":24,"covered":24,"skipped":0,"pct":100},"branches":{"total":5,"covered":5,"skipped":0,"pct":100}}
,"D:\\Repos\\datatracker-pwa\\src\\lib\\reader.ts": {"lines":{"total":10,"covered":10,"skipped":0,"pct":100},"functions":{"total":1,"covered":1,"skipped":0,"pct":100},"statements":{"total":10,"covered":10,"skipped":0,"pct":100},"branches":{"total":4,"covered":4,"skipped":0,"pct":100}}
,"D:\\Repos\\datatracker-pwa\\src\\lib\\reli.ts": {"lines":{"total":540,"covered":520,"skipped":0,"pct":96.29},"functions":{"total":15,"covered":15,"skipped":0,"pct":100},"statements":{"total":540,"covered":520,"skipped":0,"pct":96.29},"branches":{"total":173,"covered":146,"skipped":0,"pct":84.39}}
,"D:\\Repos\\datatracker-pwa\\src\\lib\\routing.ts": {"lines":{"total":13,"covered":13,"skipped":0,"pct":100},"functions":{"total":1,"covered":1,"skipped":0,"pct":100},"statements":{"total":13,"covered":13,"skipped":0,"pct":100},"branches":{"total":4,"covered":4,"skipped":0,"pct":100}}
,"D:\\Repos\\datatracker-pwa\\src\\lib\\schedule-parser.ts": {"lines":{"total":94,"covered":94,"skipped":0,"pct":100},"functions":{"total":4,"covered":4,"skipped":0,"pct":100},"statements":{"total":94,"covered":94,"skipped":0,"pct":100},"branches":{"total":35,"covered":35,"skipped":0,"pct":100}}
,"D:\\Repos\\datatracker-pwa\\src\\lib\\shapes.ts": {"lines":{"total":28,"covered":28,"skipped":0,"pct":100},"functions":{"total":1,"covered":1,"skipped":0,"pct":100},"statements":{"total":28,"covered":28,"skipped":0,"pct":100},"branches":{"total":8,"covered":8,"skipped":0,"pct":100}}
,"D:\\Repos\\datatracker-pwa\\src\\lib\\shared-buffer.ts": {"lines":{"total":82,"covered":82,"skipped":0,"pct":100},"functions":{"total":4,"covered":4,"skipped":0,"pct":100},"statements":{"total":82,"covered":82,"skipped":0,"pct":100},"branches":{"total":33,"covered":33,"skipped":0,"pct":100}}
,"D:\\Repos\\datatracker-pwa\\src\\lib\\strings.ts": {"lines":{"total":3,"covered":3,"skipped":0,"pct":100},"functions":{"total":1,"covered":1,"skipped":0,"pct":100},"statements":{"total":3,"covered":3,"skipped":0,"pct":100},"branches":{"total":1,"covered":1,"skipped":0,"pct":100}}
,"D:\\Repos\\datatracker-pwa\\src\\lib\\summary.ts": {"lines":{"total":29,"covered":29,"skipped":0,"pct":100},"functions":{"total":1,"covered":1,"skipped":0,"pct":100},"statements":{"total":29,"covered":29,"skipped":0,"pct":100},"branches":{"total":6,"covered":6,"skipped":0,"pct":100}}
,"D:\\Repos\\datatracker-pwa\\src\\lib\\sync-utils.ts": {"lines":{"total":102,"covered":99,"skipped":0,"pct":97.05},"functions":{"total":9,"covered":9,"skipped":0,"pct":100},"statements":{"total":102,"covered":99,"skipped":0,"pct":97.05},"branches":{"total":51,"covered":49,"skipped":0,"pct":96.07}}
,"D:\\Repos\\datatracker-pwa\\src\\lib\\time.ts": {"lines":{"total":23,"covered":23,"skipped":0,"pct":100},"functions":{"total":3,"covered":3,"skipped":0,"pct":100},"statements":{"total":23,"covered":23,"skipped":0,"pct":100},"branches":{"total":7,"covered":7,"skipped":0,"pct":100}}
,"D:\\Repos\\datatracker-pwa\\src\\lib\\user-agent.ts": {"lines":{"total":5,"covered":5,"skipped":0,"pct":100},"functions":{"total":1,"covered":1,"skipped":0,"pct":100},"statements":{"total":5,"covered":5,"skipped":0,"pct":100},"branches":{"total":3,"covered":3,"skipped":0,"pct":100}}
,"D:\\Repos\\datatracker-pwa\\src\\lib\\window.ts": {"lines":{"total":6,"covered":6,"skipped":0,"pct":100},"functions":{"total":1,"covered":1,"skipped":0,"pct":100},"statements":{"total":6,"covered":6,"skipped":0,"pct":100},"branches":{"total":1,"covered":1,"skipped":0,"pct":100}}
,"D:\\Repos\\datatracker-pwa\\src\\lib\\worker-buffers.ts": {"lines":{"total":68,"covered":68,"skipped":0,"pct":100},"functions":{"total":10,"covered":10,"skipped":0,"pct":100},"statements":{"total":68,"covered":68,"skipped":0,"pct":100},"branches":{"total":22,"covered":22,"skipped":0,"pct":100}}
,"D:\\Repos\\datatracker-pwa\\src\\lib\\writer.ts": {"lines":{"total":3,"covered":3,"skipped":0,"pct":100},"functions":{"total":1,"covered":1,"skipped":0,"pct":100},"statements":{"total":3,"covered":3,"skipped":0,"pct":100},"branches":{"total":1,"covered":1,"skipped":0,"pct":100}}
,"D:\\Repos\\datatracker-pwa\\src\\workers\\mutations\\file-query-mutate-worker.ts": {"lines":{"total":106,"covered":0,"skipped":0,"pct":0},"functions":{"total":1,"covered":0,"skipped":0,"pct":0},"statements":{"total":106,"covered":0,"skipped":0,"pct":0},"branches":{"total":1,"covered":0,"skipped":0,"pct":0}}
,"D:\\Repos\\datatracker-pwa\\src\\workers\\mutations\\helpers\\file-query-mutate-actions.ts": {"lines":{"total":568,"covered":541,"skipped":0,"pct":95.24},"functions":{"total":12,"covered":12,"skipped":0,"pct":100},"statements":{"total":568,"covered":541,"skipped":0,"pct":95.24},"branches":{"total":117,"covered":107,"skipped":0,"pct":91.45}}
,"D:\\Repos\\datatracker-pwa\\src\\workers\\queries\\file-query-read-worker.ts": {"lines":{"total":109,"covered":0,"skipped":0,"pct":0},"functions":{"total":1,"covered":0,"skipped":0,"pct":0},"statements":{"total":109,"covered":0,"skipped":0,"pct":0},"branches":{"total":1,"covered":0,"skipped":0,"pct":0}}
,"D:\\Repos\\datatracker-pwa\\src\\workers\\queries\\helpers\\file-query-read-actions.ts": {"lines":{"total":282,"covered":282,"skipped":0,"pct":100},"functions":{"total":11,"covered":11,"skipped":0,"pct":100},"statements":{"total":282,"covered":282,"skipped":0,"pct":100},"branches":{"total":102,"covered":94,"skipped":0,"pct":92.15}}
,"D:\\Repos\\datatracker-pwa\\src\\workers\\sync\\sync-worker.ts": {"lines":{"total":17,"covered":3,"skipped":0,"pct":17.64},"functions":{"total":1,"covered":0,"skipped":0,"pct":0},"statements":{"total":17,"covered":3,"skipped":0,"pct":17.64},"branches":{"total":0,"covered":0,"skipped":0,"pct":100}}
,"D:\\Repos\\datatracker-pwa\\src\\workers\\sync\\helpers\\sync-handler.ts": {"lines":{"total":52,"covered":52,"skipped":0,"pct":100},"functions":{"total":5,"covered":5,"skipped":0,"pct":100},"statements":{"total":52,"covered":52,"skipped":0,"pct":100},"branches":{"total":10,"covered":10,"skipped":0,"pct":100}}
,"D:\\Repos\\datatracker-pwa\\src\\workers\\timing\\session-recorder-worker.ts": {"lines":{"total":162,"covered":23,"skipped":0,"pct":14.19},"functions":{"total":14,"covered":2,"skipped":0,"pct":14.28},"statements":{"total":162,"covered":23,"skipped":0,"pct":14.19},"branches":{"total":2,"covered":2,"skipped":0,"pct":100}}
,"D:\\Repos\\datatracker-pwa\\src\\workers\\timing\\helpers\\session-recorder-core.ts": {"lines":{"total":359,"covered":261,"skipped":0,"pct":72.7},"functions":{"total":23,"covered":22,"skipped":0,"pct":95.65},"statements":{"total":359,"covered":261,"skipped":0,"pct":72.7},"branches":{"total":62,"covered":41,"skipped":0,"pct":66.12}}
}
